1558343348451	mozrunner::runner	INFO	Running command: "C:\\Program Files\\Mozilla Firefox\\firefox.exe" "-marionette" "-foreground" "-no-remote" "-profile" "C:\\Users\\ADMINI~1\\AppData\\Local\\Temp\\rust_mozprofile.HTkNbM95rOuE"
1558343349391	addons.webextension.screenshots@mozilla.org	WARN	Loading extension 'screenshots@mozilla.org': Reading manifest: Invalid extension permission: mozillaAddons
1558343349391	addons.webextension.screenshots@mozilla.org	WARN	Loading extension 'screenshots@mozilla.org': Reading manifest: Invalid extension permission: resource://pdf.js/
1558343349391	addons.webextension.screenshots@mozilla.org	WARN	Loading extension 'screenshots@mozilla.org': Reading manifest: Invalid extension permission: about:reader*
1558343352004	Marionette	INFO	Listening on port 49251
1558343352293	Marionette	WARN	TLS certificate errors will be ignored for this session
JavaScript warning: https://wechat.katespade.aowenmarketing.com/Scripts/jquery-1.10.2.min.js, line 19: Using //@ to indicate sourceMappingURL pragmas is deprecated. Use //# instead
[Parent 15656, Gecko_IOThread] WARNING: pipe error: 109: file z:/build/build/src/ipc/chromium/src/chrome/common/ipc_channel_win.cc, line 332
[Child 10184, Chrome_ChildThread] WARNING: pipe error: 109: file z:/build/build/src/ipc/chromium/src/chrome/common/ipc_channel_win.cc, line 332
[Child 10184, Chrome_Chi[Child 5984, Chrome_ChildThread] WARNING: pipe error: 109: file z:/build/build/src/ipc/chromium/src/chrome/common/ipc_channel_win.cc, line 332
[Child 5984, Chrome_ChildThread] WARNING: pipe error: 109: file z:/build/build/src/ipc/chromium/src/chrome/common/ipc_channel_win.cc, line 33[Parent 15656, Gecko_IOThread] WARNING: pipe error: 109: file z:/build/build/src/ipc/chromium/src/chrome/common/ipc_channel_win.cc, line 332
[Child 3496, Chrome_ChildThread] WARNING: pipe error: 109: file z:/build/build/src/ipc/chromium/src/chrome/common/ipc_channel_win.cc, line 332
[Child1558343690716	Marionette	INFO	Stopped listening on port 49251
[GPU 8636, Chrome_ChildThread] WARNING: pipe error: 109
###!!! [Child][MessageChannel::SendAndWait] Error: Channel error: cannot send/recv

/Scripts/jquery-1.10.2.min.js, line 19: Using //@ to indicate sourceMappingURL pragmas is deprecated. Use //# instead
[Parent 2780, Gecko_IOThread] WARNING: pipe error: 109: file z:/build/build/src/ipc/chromium/src/chrome/common/ipc_channel_win.cc, line 332
[Parent 2780, Gecko_IOThread] WARNING: pipe error: 109: file z:/build/build/src/ipc/chromium/src/chrome/common/ipc_channel_win.cc, line 332
[Parent 2780, Gecko_IOThread] WARNING: pipe error: 109: file z:/build/build/src/ipc/chromium/src/chrome/common/ipc_channel_win.cc, line 332
[Child 9772, Chrome_ChildThread] WARNING: pipe error: 109: file z:/build/build/src/ipc/chromium/src/chrome/common/ipc_channel_win.cc, line 332
[Child 91558343691884	Marionette	INFO	Stopped listening on port 49341
[GPU 11996, Chrome_ChildThread] WARNING: pipe error: 109: f
###!!! [Child][MessageChannel::SendAndWait] Error: Channel error: cannot send/recv

1558343698029	mozrunner::runner	INFO	Running command: "C:\\Program Files\\Mozilla Firefox\\firefox.exe" "-marionette" "-foreground" "-no-remote" "-profile" "C:\\Users\\ADMINI~1\\AppData\\Local\\Temp\\rust_mozprofile.RPWwUEYFACb5"
1558343699003	addons.webextension.screenshots@mozilla.org	WARN	Loading extension 'screenshots@mozilla.org': Reading manifest: Invalid extension permission: mozillaAddons
1558343699004	addons.webextension.screenshots@mozilla.org	WARN	Loading extension 'screenshots@mozilla.org': Reading manifest: Invalid extension permission: resource://pdf.js/
1558343699004	addons.webextension.screenshots@mozilla.org	WARN	Loading extension 'screenshots@mozilla.org': Reading manifest: Invalid extension permission: about:reader*
1558343701546	Marionette	INFO	Listening on port 49403
1558343701876	Marionette	WARN	TLS certificate errors will be ignored for this session
JavaScript warning: https://wechat.katespade.aowenmarketing.com/Scripts/jquery-1.10.2.min.js, line 19: Using //@ to indicate sourceMappingURL pragmas is deprecated. Use //# instead
IPDL protocol error: Handler returned error code!

###!!! [Parent][DispatchAsyncMessage] Error: PLayerTransaction::Msg_ReleaseLayer Processing error: message was deserialized, but the handler returned false (indicating failure)

[Parent 13084, Gecko_IOThread] WARNING: pipe error: 109: file z:/build/build/src/ipc/chromium/src/chrome/common/ipc_channel_win.cc, line 332
[Parent 13084, Gecko_IOThread] WARNING: pipe error: 109: file z:/build/build/src/ipc/chromium/src/chrome/common/ipc_channel_win.cc, line 332
[Child 3432, Chrome_ChildThread] WARNING: pipe error: 109: file z:/build/build/src/ipc/chromium/src/chro[Child 13436, Chrome_ChildThread] WARNING: pipe error: 109: file z:/build/build/src/ipc/chromium/src/chrome/common/ipc_channel_win.cc, line 332
[Child 13436, Chrome_ChildThread] WARNING: pipe error: 109: file z:/build/build/src/ipc/chromme/common/ipc_channel_win.cc, line 332
[[Parent 13084, Gecko_IOThread] WARNING: pipe error: 109: file z:/build/build/src/ipc/chromium/src/chrome/common/ipc_channel_win.cc, line 332
[Child 6244, Chrome_ChildThread] WARNING: pipe error: 109: file z:/build/build/src/ipc/chromium/src/chrome/common/ipc_channel_win.cc, line 332
[Chil1558343776701	Marionette	INFO	Stopped listening on port 49403

###!!! [Child][RunMessage] Error: Channel closing: too late to send/recv, messages will be lost


###!!! [Child][MessageChannel::SendAndWait] Error: Channel error: cannot send/recv

1558343780511	mozrunner::runner	INFO	Running command: "C:\\Program Files\\Mozilla Firefox\\firefox.exe" "-marionette" "-foreground" "-no-remote" "-profile" "C:\\Users\\ADMINI~1\\AppData\\Local\\Temp\\rust_mozprofile.5uXEtTlHfdk9"
1558343781205	addons.webextension.screenshots@mozilla.org	WARN	Loading extension 'screenshots@mozilla.org': Reading manifest: Invalid extension permission: mozillaAddons
1558343781206	addons.webextension.screenshots@mozilla.org	WARN	Loading extension 'screenshots@mozilla.org': Reading manifest: Invalid extension permission: resource://pdf.js/
1558343781206	addons.webextension.screenshots@mozilla.org	WARN	Loading extension 'screenshots@mozilla.org': Reading manifest: Invalid extension permission: about:reader*
1558343783883	Marionette	INFO	Listening on port 49458
1558343784346	Marionette	WARN	TLS certificate errors will be ignored for this session
JavaScript warning: https://wechat.katespade.aowenmarketing.com/Scripts/jquery-1.10.2.min.js, line 19: Using //@ to indicate sourceMappingURL pragmas is deprecated. Use //# instead
[Parent 11848, Gecko_IOThread] WARNING: pipe error: 109: file z:/build/build/src/ipc/chromium/src/chrome/common/ipc_channel_win.cc, line 332
[Parent 11848, Gecko_IOThread] WARNING: pipe error: 109: file z:/build/build/src/ipc/chromium/src/chrome/common/ipc_channel_win.cc, line 332
[Child 11340, Chrome_ChildThread] WARNING: pipe error: 109: file z:/build/build/src/ipc/chromium/src/chrome/common/ipc_channel_win.cc, line 332
[Child 11340, Chrome_ChildThread] WARNING: pipe error: 109: file z:/build/build/src/ipc/chrom[Parent 11848, Gecko_IOThread] WARNING: pipe error: 109: file z:/build/build/src/ipc/chromium/src/chrome/common/ipc_channel_win.cc, line 332
[Child 15252, Chrome_ChildThread] WARNING: pipe error: 109: file z:/build/build/src/ipc/chromium/src/chrome/common/ipc_channel_win.cc, line 332
[Chil1558343811305	Marionette	INFO	Stopped listening on port 49458
[GPU 8896, Chrome_ChildThread] WARNING: pipe error: 109:
###!!! [Child][RunMessage] Error: Channel closing: too late to send/recv, messages will be lost


###!!! [Child][MessageChannel::SendAndWait] Error: Channel error: cannot send/recv

1558343919110	mozrunner::runner	INFO	Running command: "C:\\Program Files\\Mozilla Firefox\\firefox.exe" "-marionette" "-foreground" "-no-remote" "-profile" "C:\\Users\\ADMINI~1\\AppData\\Local\\Temp\\rust_mozprofile.nldjSA5sOQKY"
1558343919688	addons.webextension.screenshots@mozilla.org	WARN	Loading extension 'screenshots@mozilla.org': Reading manifest: Invalid extension permission: mozillaAddons
1558343919688	addons.webextension.screenshots@mozilla.org	WARN	Loading extension 'screenshots@mozilla.org': Reading manifest: Invalid extension permission: resource://pdf.js/
1558343919688	addons.webextension.screenshots@mozilla.org	WARN	Loading extension 'screenshots@mozilla.org': Reading manifest: Invalid extension permission: about:reader*
1558343922226	Marionette	INFO	Listening on port 49648
1558343922349	Marionette	WARN	TLS certificate errors will be ignored for this session
JavaScript warning: https://wechat.katespade.aowenmarketing.com/Scripts/jquery-1.10.2.min.js, line 19: Using //@ to indicate sourceMappingURL pragmas is deprecated. Use //# instead
console.error: BroadcastService: 
  receivedBroadcastMessage: handler for
  remote-settings/monitor_changes
  threw error:
  Message: Error: Polling for changes failed: NetworkError when attempting to fetch resource..
  Stack:
    remoteSettingsFunction/remoteSettings.pollChanges@resource://services-settings/remote-settings.js:190:13

[Parent 15692, Gecko_IOThread] WARNING: pipe error: 109: file z:/build/build/src/ipc/chromium/src/chrome/common/ipc_channel_win.cc, line 332
[Parent 15692, Gecko_IOThread] WARNING: pipe error: 109: file z:/build/build/src/ipc/chromium/src/chrome/common/ipc_channel_win.cc, line 332
1558345033381	Marionette	INFO	Stopped listening on port 49648

###!!! [Child][RunMessage] Error: Channel closing: too late to send/recv, messages will be lost

[GPU 8364, Chrome_ChildThread] WARNING: pipe error: 109: file z:/build/b
###!!! [Child][MessageChannel::SendAndWait] Error: Channel error: cannot send/recv

/Scripts/jquery-1.10.2.min.js, line 19: Using //@ to indicate sourceMappingURL pragmas is deprecated. Use //# instead
console.error: BroadcastService: 
  receivedBroadcastMessage: handler for
  remote-settings/monitor_changes
  threw error:
  Message: Error: Polling for changes failed: NetworkError when attempting to fetch resource..
  Stack:
    remoteSettingsFunction/remoteSettings.pollChanges@resource://services-settings/remote-settings.js:190:13

[Parent 11320, Gecko_IOThread] WARNING: pipe error: 109: file z:/build/build/src/ipc/chromium/src/chrome/common/ipc_channel_win.cc, line 332
[Parent 11320, Gecko_IOThread] WARNING: pipe error: 109: file z:/build/build/src/ipc/chromium/src/chrome/common/ipc_channel_win.cc, line 332
[Child 17036, Chrome_ChildThread] WARNING: pipe error: 109: file z:/build/build/src/ipc/chromium/src/chrome/common/ipc_channel_win.cc, line 332
[Child 17036, Chr[Parent 11320, Gecko_IOThread] WARNING: pipe error: 109: file z:/build/build/src/ipc/chromium/src/chrome/common/ipc_channel_win.cc, line 332
[Child 12608, Chrome_ChildThread] WARNING: pipe error: 109: file z:/build/build/src/ipc/chromium/src/chrome/common/ipc_channel_win.cc, line 332
[Child 12608, Chrome_ChildThread] WARNING: pipe error: 109: file z:/build/build/src/ipc/chromium/src/chrome/common/ipc_ch1558345032406	Marionette	INFO	Stopped listening on port 49808

###!!! [Child][RunMessage] Error: Channel closing: too late to send/recv, messages will be lost

[GPU 16636, Chrome_ChildThread] WARNING: pipe error: 109: file z:/build/b
###!!! [Child][MessageChannel::SendAndWait] Error: Channel error: cannot send/recv

o_IOThread] WARNING: pipe error: 109: file z:/build/build/src/ipc/chromium/src/chrome/common/ipc_channel_win.cc, line 332
[Child 12736, Chrome_ChildThread] WARNING: pipe error: 109: file z:/build/build/src/ipc/chromium/src/chrome/common/ipc_channel_win.cc, line 332
[Child 1271558344350645	Marionette	INFO	Stopped listening on port 50155

###!!! [Child][RunMessage] Error: Channel closing: too late to send/recv, messages will be lost


###!!! [Child][MessageChannel::SendAndWait] Error: Channel error: cannot send/recv

1558344828511	mozrunner::runner	INFO	Running command: "C:\\Program Files\\Mozilla Firefox\\firefox.exe" "-marionette" "-foreground" "-no-remote" "-profile" "C:\\Users\\ADMINI~1\\AppData\\Local\\Temp\\rust_mozprofile.0gUkPyZr6z1B"
1558344829087	addons.webextension.screenshots@mozilla.org	WARN	Loading extension 'screenshots@mozilla.org': Reading manifest: Invalid extension permission: mozillaAddons
1558344829088	addons.webextension.screenshots@mozilla.org	WARN	Loading extension 'screenshots@mozilla.org': Reading manifest: Invalid extension permission: resource://pdf.js/
1558344829088	addons.webextension.screenshots@mozilla.org	WARN	Loading extension 'screenshots@mozilla.org': Reading manifest: Invalid extension permission: about:reader*
1558344831320	Marionette	INFO	Listening on port 50599
1558344831749	Marionette	WARN	TLS certificate errors will be ignored for this session
JavaScript warning: https://wechat.katespade.aowenmarketing.com/Scripts/jquery-1.10.2.min.js, line 19: Using //@ to indicate sourceMappingURL pragmas is deprecated. Use //# instead
[Parent 17244, Gecko_IOThread] WARNING: pipe error: 109: file z:/build/build/src/ipc/chromium/src/chrome/common/ipc_channel_win.cc, line 332
[Parent 17244, Gecko_IOThread] WARNING: pipe error: 109: file z:/build/build/src/ipc/chromium/src/chrome/common/ipc_channel_win.cc, line 332
[Child 13752, Chrome_ChildThread] WARNING: pipe error: 109: file z:/build/build/src/ipc/chromium/src/chrome/common/ipc_channel_win.cc, line 332
[Child 1[Parent 17244, Gecko_IOThread] WARNING: pipe error: 109: file z:/build/build/src/ipc/chromium/src/chrome/common/ipc_channel_win.cc, line 332
[Child 3104, Chrome_ChildThread] WARNING: pipe error: 109: file z:/build/build/src/ipc/chromium/src/chrome/common/ipc_channel_win.cc, line 332
[Chil1558344863372	Marionette	INFO	Stopped listening on port 50599

###!!! [Child][RunMessage] Error: Channel closing: too late to send/recv, messages will be lost

[GPU 7260, Chrome_ChildThread] WARNING: pipe error: 109: file z:/build/build/src/ipc
###!!! [Child][MessageChannel::SendAndWait] Error: Channel error: cannot send/recv

1558345037453	mozrunner::runner	INFO	Running command: "C:\\Program Files\\Mozilla Firefox\\firefox.exe" "-marionette" "-foreground" "-no-remote" "-profile" "C:\\Users\\ADMINI~1\\AppData\\Local\\Temp\\rust_mozprofile.9VVbdRGwaOpO"
1558345038024	addons.webextension.screenshots@mozilla.org	WARN	Loading extension 'screenshots@mozilla.org': Reading manifest: Invalid extension permission: mozillaAddons
1558345038025	addons.webextension.screenshots@mozilla.org	WARN	Loading extension 'screenshots@mozilla.org': Reading manifest: Invalid extension permission: resource://pdf.js/
1558345038025	addons.webextension.screenshots@mozilla.org	WARN	Loading extension 'screenshots@mozilla.org': Reading manifest: Invalid extension permission: about:reader*
[Child 3580, Chrome_ChildThread] WARNING: pipe error: 109: file z:/build/build/src/ipc/chromium/src/chrome/common/ipc_channel_win.cc, line 332
[Child 3580,1558345040332	Marionette	INFO	Listening on port 50836
1558345040694	Marionette	WARN	TLS certificate errors will be ignored for this session
JavaScript warning: https://wechat.katespade.aowenmarketing.com/Scripts/jquery-1.10.2.min.js, line 19: Using //@ to indicate sourceMappingURL pragmas is deprecated. Use //# instead
[Parent 13944, Gecko_IOThread] WARNING: pipe error: 109: file z:/build/build/src/ipc/chromium/src/chrome/common/ipc_channel_win.cc, line 332
[Parent 13944, Gecko_IOThread] WARNING: pipe error: 109: file z:/build/build/src/ipc/chromium/src/chrome/common/ipc_channel_win.cc, line 332
[Child 6924, Chrome_ChildThread] WARNING: pipe error: 109: file z:/build/build/src/ipc/chromium/src/chrome/common/ipc_channel_win.cc, line 332
[Child 6924, Chrome_ChildThread] WARNING: pipe error: 109: file z:/build/build/src/ipc/chromium/src/chrome/common/ipc_channel_win.cc, line 332
1558345171133	Marionette	INFO	Stopped listening on port 50836

###!!! [Child][RunMessage] Error: Channel closing: too late to send/recv, messages will be lost

[GPU 8772, Chrome_ChildThread] WARNING: pipe error: 109: file z:/buil
###!!! [Child][MessageChannel::SendAndWait] Error: Channel error: cannot send/recv

1558345177996	mozrunner::runner	INFO	Running command: "C:\\Program Files\\Mozilla Firefox\\firefox.exe" "-marionette" "-foreground" "-no-remote" "-profile" "C:\\Users\\ADMINI~1\\AppData\\Local\\Temp\\rust_mozprofile.zyxvErr4NKNQ"
1558345178676	addons.webextension.screenshots@mozilla.org	WARN	Loading extension 'screenshots@mozilla.org': Reading manifest: Invalid extension permission: mozillaAddons
1558345178676	addons.webextension.screenshots@mozilla.org	WARN	Loading extension 'screenshots@mozilla.org': Reading manifest: Invalid extension permission: resource://pdf.js/
1558345178677	addons.webextension.screenshots@mozilla.org	WARN	Loading extension 'screenshots@mozilla.org': Reading manifest: Invalid extension permission: about:reader*
[Child 4232, Chrome_ChildThread] WARNING: pipe error: 109: file z:/build/build/src/ipc/chromium/src/chrome/common/ipc_channel_win.cc, line 332
[Child 4232, Chrome_Child1558345181212	Marionette	INFO	Listening on port 50941
1558345181249	Marionette	WARN	TLS certificate errors will be ignored for this session
JavaScript warning: https://wechat.katespade.aowenmarketing.com/Scripts/jquery-1.10.2.min.js, line 19: Using //@ to indicate sourceMappingURL pragmas is deprecated. Use //# instead
[Parent 7832, Gecko_IOThread] WARNING: pipe error: 109: file z:/build/build/src/ipc/chromium/src/chrome/common/ipc_channel_win.cc, line 332
[Parent 7832, Gecko_IOThread] WARNING: pipe error: 109: file z:/build/build/src/ipc/chromium/src/chrome/common/ipc_channel_win.cc, line 332
[Child 9836, Chrome_ChildThread] WARNING: pipe error: 109: file z:/build/build/src/ipc/chromium/src/chrome/common/ipc_channe[Child 2380, Chrome_ChildThread] WARNING: pipe error: 109: file z:/build/build/src/il_win.pc/ccc, line 332
hromium/sr[Child 9836, Cc/chrome/common/ipc_channel_win.cc, line 332
[Chil[Parent 7832, Gecko_IOThread] WARNING: pipe error: 109: file z:/build/build/src/ipc/chromium/src/chrome/common/ipc_channel_win.cc, line 332
1558345298585	Marionette	INFO	Stopped listening on port 50941
[GPU 6224, Chrome_ChildThread] WARNING: pipe error: 109: 
###!!! [Child][MessageChannel::SendAndWait] Error: Channel error: cannot send/recv

1558345872067	mozrunner::runner	INFO	Running command: "C:\\Program Files\\Mozilla Firefox\\firefox.exe" "-marionette" "-foreground" "-no-remote" "-profile" "C:\\Users\\ADMINI~1\\AppData\\Local\\Temp\\rust_mozprofile.O21FeCauxVq2"
1558345872743	addons.webextension.screenshots@mozilla.org	WARN	Loading extension 'screenshots@mozilla.org': Reading manifest: Invalid extension permission: mozillaAddons
1558345872744	addons.webextension.screenshots@mozilla.org	WARN	Loading extension 'screenshots@mozilla.org': Reading manifest: Invalid extension permission: resource://pdf.js/
1558345872744	addons.webextension.screenshots@mozilla.org	WARN	Loading extension 'screenshots@mozilla.org': Reading manifest: Invalid extension permission: about:reader*
[Child 5484, Chrome_ChildThread] WARNING: pipe error: 109: file z:/build/build/src/ipc/chromium/src/chrome/common/ipc_channel_win.cc, line 332
[Child1558345875173	Marionette	INFO	Listening on port 51496
1558345875313	Marionette	WARN	TLS certificate errors will be ignored for this session
JavaScript warning: https://wechat.katespade.aowenmarketing.com/Scripts/jquery-1.10.2.min.js, line 19: Using //@ to indicate sourceMappingURL pragmas is deprecated. Use //# instead
JavaScript warning: https://wechat.katespade.aowenmarketing.com/Scripts/jquery-1.10.2.min.js, line 19: Using //@ to indicate sourceMappingURL pragmas is deprecated. Use //# instead
[Parent 15112, Gecko_IOThread] WARNING: pipe error: 109: file z:/build/build/src/ipc/chromium/src/chrome/common/ipc_channel_win.cc, line 332
[Parent 15112, Gecko_IOThread] WARNING: pipe error: 109: file z:/build/build/src/ipc/chromium/src/chrome/common/ipc_channel_win.cc, line 332
[Child 11100, Chrome_ChildThread] WARNING: pipe error: 109: file z:/build/build/src/ipc/chromium/src/chrome/common/ipc_channel_win.cc, line 332
[Child 11100, Chrome_ChildThread] WARNING: pipe err[Parent 15112, Gecko_IOThread] WARNING: pipe error: 109: file z:/build/build/src/ipc/chromium/src/chrome/common/ipc_channel_win.cc, line 332
1558345925828	Marionette	INFO	Stopped listening on port 51496

###!!! [Child][RunMessage] Error: Channel closing: too late to send/recv, messages will be lost

[GPU 13336, Chrome_ChildThread] WARNING: pipe error: 109: file z:/build
###!!! [Child][MessageChannel::SendAndWait] Error: Channel error: cannot send/recv

1558345932672	mozrunner::runner	INFO	Running command: "C:\\Program Files\\Mozilla Firefox\\firefox.exe" "-marionette" "-foreground" "-no-remote" "-profile" "C:\\Users\\ADMINI~1\\AppData\\Local\\Temp\\rust_mozprofile.wpjA9XWjDvp1"
1558345933218	addons.webextension.screenshots@mozilla.org	WARN	Loading extension 'screenshots@mozilla.org': Reading manifest: Invalid extension permission: mozillaAddons
1558345933218	addons.webextension.screenshots@mozilla.org	WARN	Loading extension 'screenshots@mozilla.org': Reading manifest: Invalid extension permission: resource://pdf.js/
1558345933218	addons.webextension.screenshots@mozilla.org	WARN	Loading extension 'screenshots@mozilla.org': Reading manifest: Invalid extension permission: about:reader*
1558345935362	Marionette	INFO	Listening on port 51553
1558345935435	Marionette	WARN	TLS certificate errors will be ignored for this session
JavaScript warning: https://wechat.katespade.aowenmarketing.com/Scripts/jquery-1.10.2.min.js, line 19: Using //@ to indicate sourceMappingURL pragmas is deprecated. Use //# instead
JavaScript warning: https://wechat.katespade.aowenmarketing.com/Scripts/jquery-1.10.2.min.js, line 19: Using //@ to indicate sourceMappingURL pragmas is deprecated. Use //# instead
[Parent 12668, Gecko_IOThread] WARNING: pipe error: 109: file z:/build/build/src/ipc/chromium/src/chrome/common/ipc_channel_win.cc, line 332
[Parent 12668, Gecko_IOThread] WARNING: pipe error: 109: file z:/build/build/src/ipc/chromium/src/chrome/common/ipc_channel_win.cc, line 332
[Child 15196, Chrome_ChildThread] WARNING: pipe error: 109: file z:/build/build/src/ipc/chromium/src/chrome/common/ipc_channel_win.cc, line 332
[Child 15196, Chrome_ChildThread] WARNING: pipe error: 109: file z:/build/build/src/ipc/chromium/src/chrome/common/ipc_channel_win.cc, line 332
[Parent 12668, Gecko_IOThread] WARNING: pipe error: 109: file z:/build/build/src/ipc/chromium/src/chrome/common/ipc_channel_win.cc, line 332
[Child 14784, Chrome_ChildThread] WARNING: pipe error: 109: file z:/build/build/src/ipc/chromium/src/chrome/common/ipc_channel_win.cc, line 332
[Chil1558346060289	Marionette	INFO	Stopped listening on port 51553
[GPU 1672, Chrome_ChildThread] WARNING: pipe error: 109: fil
###!!! [Child][MessageChannel::SendAndWait] Error: Channel error: cannot send/recv

1558346108858	mozrunner::runner	INFO	Running command: "C:\\Program Files\\Mozilla Firefox\\firefox.exe" "-marionette" "-foreground" "-no-remote" "-profile" "C:\\Users\\ADMINI~1\\AppData\\Local\\Temp\\rust_mozprofile.YlNBblJA8MTS"
1558346109447	addons.webextension.screenshots@mozilla.org	WARN	Loading extension 'screenshots@mozilla.org': Reading manifest: Invalid extension permission: mozillaAddons
1558346109447	addons.webextension.screenshots@mozilla.org	WARN	Loading extension 'screenshots@mozilla.org': Reading manifest: Invalid extension permission: resource://pdf.js/
1558346109447	addons.webextension.screenshots@mozilla.org	WARN	Loading extension 'screenshots@mozilla.org': Reading manifest: Invalid extension permission: about:reader*
1558346112644	Marionette	INFO	Listening on port 51689
1558346112700	Marionette	WARN	TLS certificate errors will be ignored for this session
JavaScript warning: https://wechat.katespade.aowenmarketing.com/Scripts/jquery-1.10.2.min.js, line 19: Using //@ to indicate sourceMappingURL pragmas is deprecated. Use //# instead
[Parent 936, Gecko_IOThread] WARNING: pipe error: 109: file z:/build/build/src/ipc/chromium/src/chrome/common/ipc_channel_win.cc, line 332
[Parent 936, Gecko_IOThread] WARNING: pipe error: 109: file z:/build/build/src/ipc/chromium/src/chrome/common/ipc_channel_win.cc, line 332
[Parent 936, Gecko_IOThread] WARNING: pipe error: 109: file z:/build/build/src/ipc/chromium/src/chrome/common/ipc_channel_win.cc, line 332
[Child 4840, Chrome_ChildThread] WARNING: pipe error: 109: file z:/build/build/src/ipc/chromium/src/chrome/common/ipc_channel_win.cc, line 332
[Chil1558346142664	Marionette	INFO	Stopped listening on port 51689

###!!! [Child][MessageChannel::SendAndWait] Error: Channel error: cannot send/recv

1558346151009	mozrunner::runner	INFO	Running command: "C:\\Program Files\\Mozilla Firefox\\firefox.exe" "-marionette" "-foreground" "-no-remote" "-profile" "C:\\Users\\ADMINI~1\\AppData\\Local\\Temp\\rust_mozprofile.dBzj9jTRYT72"
1558346155859	addons.webextension.screenshots@mozilla.org	WARN	Loading extension 'screenshots@mozilla.org': Reading manifest: Invalid extension permission: mozillaAddons
1558346155860	addons.webextension.screenshots@mozilla.org	WARN	Loading extension 'screenshots@mozilla.org': Reading manifest: Invalid extension permission: resource://pdf.js/
1558346155860	addons.webextension.screenshots@mozilla.org	WARN	Loading extension 'screenshots@mozilla.org': Reading manifest: Invalid extension permission: about:reader*
1558346164352	Marionette	INFO	Listening on port 51748
1558346164617	Marionette	WARN	TLS certificate errors will be ignored for this session
JavaScript warning: https://wechat.katespade.aowenmarketing.com/Scripts/jquery-1.10.2.min.js, line 19: Using //@ to indicate sourceMappingURL pragmas is deprecated. Use //# instead
console.error: BroadcastService: 
  receivedBroadcastMessage: handler for
  remote-settings/monitor_changes
  threw error:
  Message: Error: Polling for changes failed: NetworkError when attempting to fetch resource..
  Stack:
    remoteSettingsFunction/remoteSettings.pollChanges@resource://services-settings/remote-settings.js:190:13

[Parent 17000, Gecko_IOThread] WARNING: pipe error: 109: file z:/build/build/src/ipc/chromium/src/chrome/common/ipc_channel_win.cc, line 332
[Child 15296, Chrome_ChildThread] WARNING: pipe error: 109: file z:/build/build/src/ipc/chromium/src/chrome/common/ipc_channel_win.cc, line 332
[Parent 17000, Gecko_IOThread] WARNING: pipe error: 109: file z:/build/build/src/ipc/chromium/src/chrome/common/ipc_channel_win.cc, line 332
[Child 6988, Chrome_ChildThread] WARNING: pipe error: 109: file z:/build/build/src/ipc/chromium/src/chrome/common/ipc_channel_win.cc, line 332
[Ch1558346602154	Marionette	INFO	Stopped listening on port 51748
[GPU 3888, Chrome_ChildThread] WARNING: pipe error: 109: file
###!!! [Child][MessageChannel::SendAndWait] Error: Channel error: cannot send/recv

on port 52033
1558346535649	Marionette	WARN	TLS certificate errors will be ignored for this session
JavaScript warning: https://wechat.katespade.aowenmarketing.com/Scripts/jquery-1.10.2.min.js, line 19: Using //@ to indicate sourceMappingURL pragmas is deprecated. Use //# instead
JavaScript warning: https://wechat.katespade.aowenmarketing.com/Scripts/jquery-1.10.2.min.js, line 19: Using //@ to indicate sourceMappingURL pragmas is deprecated. Use //# instead
[Parent 15160, Gecko_IOThread] WARNING: pipe error: 109: file z:/build/build/src/ipc/chromium/src/chrome/common/ipc_channel_win.cc, line 332
[Parent 15160, Gecko_IOThread] WARNING: pipe error: 109: file z:/build/build/src/ipc/chromium/src/chrome/common/ipc_channel_win.cc, line 332
[Parent 15160, Gecko_IOThread] WARNING: pipe error: 109: file z:/build/build/src/ipc/chromium/src/chrome/common/ipc_channel_win.cc, line 332
1558346601249	Marionette	INFO	Stopped listening on port 52033

###!!! [Child][RunMessage] Error: Channel closing: too late to send/recv, messages will be lost

[GPU 10264, Chrome_ChildThread] WARNING: pipe error: 109: file z:/build/b
###!!! [Child][MessageChannel::SendAndWait] Error: Channel error: cannot send/recv

1558346608664	mozrunner::runner	INFO	Running command: "C:\\Program Files\\Mozilla Firefox\\firefox.exe" "-marionette" "-foreground" "-no-remote" "-profile" "C:\\Users\\ADMINI~1\\AppData\\Local\\Temp\\rust_mozprofile.OsFfGZbFITd4"
1558346609568	addons.webextension.screenshots@mozilla.org	WARN	Loading extension 'screenshots@mozilla.org': Reading manifest: Invalid extension permission: mozillaAddons
1558346609569	addons.webextension.screenshots@mozilla.org	WARN	Loading extension 'screenshots@mozilla.org': Reading manifest: Invalid extension permission: resource://pdf.js/
1558346609569	addons.webextension.screenshots@mozilla.org	WARN	Loading extension 'screenshots@mozilla.org': Reading manifest: Invalid extension permission: about:reader*
1558346612120	Marionette	INFO	Listening on port 52081
1558346612514	Marionette	WARN	TLS certificate errors will be ignored for this session
JavaScript warning: https://wechat.katespade.aowenmarketing.com/Scripts/jquery-1.10.2.min.js, line 19: Using //@ to indicate sourceMappingURL pragmas is deprecated. Use //# instead
JavaScript warning: https://wechat.katespade.aowenmarketing.com/Scripts/jquery-1.10.2.min.js, line 19: Using //@ to indicate sourceMappingURL pragmas is deprecated. Use //# instead
[Parent 5140, Gecko_IOThread] WARNING: pipe error: 109: file z:/build/build/src/ipc/chromium/src/chrome/common/ipc_channel_win.cc, line 332
[Parent 5140, Gecko_IOThread] WARNING: pipe error: 109: file z:/build/build/src/ipc/chromium/src/chrome/common/ipc_channel_win.cc, line 332
[Child 1964, Chrome_ChildThread] WARNING: pipe error: 109: file z:/build/build/src/ipc/chromium/src/chrome/common/ipc_channel_win.cc, line 332
[Child 1964, C[Parent 5140, Gecko_IOThread] WARNING: pipe error: 109: file z:/build/build/src/ipc/chromium/src/chrome/common/ipc_channel_win.cc, line 332
1558346643115	Marionette	INFO	Stopped listening on port 52081

###!!! [Child][RunMessage] Error: Channel closing: too late to send/recv, messages will be lost

[GPU 10808, Chrome_ChildThread] WARNING: pipe error: 109: file z:/build/
###!!! [Child][MessageChannel::SendAndWait] Error: Channel error: cannot send/recv

1558346893796	mozrunner::runner	INFO	Running command: "C:\\Program Files\\Mozilla Firefox\\firefox.exe" "-marionette" "-foreground" "-no-remote" "-profile" "C:\\Users\\ADMINI~1\\AppData\\Local\\Temp\\rust_mozprofile.ISkUCVjRkYMh"
1558346894361	addons.webextension.screenshots@mozilla.org	WARN	Loading extension 'screenshots@mozilla.org': Reading manifest: Invalid extension permission: mozillaAddons
1558346894362	addons.webextension.screenshots@mozilla.org	WARN	Loading extension 'screenshots@mozilla.org': Reading manifest: Invalid extension permission: resource://pdf.js/
1558346894362	addons.webextension.screenshots@mozilla.org	WARN	Loading extension 'screenshots@mozilla.org': Reading manifest: Invalid extension permission: about:reader*
1558346896792	Marionette	INFO	Listening on port 52181
1558346897041	Marionette	WARN	TLS certificate errors will be ignored for this session
JavaScript warning: https://wechat.katespade.aowenmarketing.com/Scripts/jquery-1.10.2.min.js, line 19: Using //@ to indicate sourceMappingURL pragmas is deprecated. Use //# instead
JavaScript warning: https://wechat.katespade.aowenmarketing.com/Scripts/jquery-1.10.2.min.js, line 19: Using //@ to indicate sourceMappingURL pragmas is deprecated. Use //# instead
[Parent 8124, Gecko_IOThread] WARNING: pipe error: 109: file z:/build/build/src/ipc/chromium/src/chrome/common/ipc_channel_win.cc, line 332
[Child 17324, Chrome_ChildThread] WARNING: pipe error: 109: file z:/build/build/src/ipc/chromium/src/chrome/common/ipc_channel_win.cc, line 332
[Child 17324, Chrome_ChildThread] WARNING: pipe error: 1[Parent 8124, Gecko_IOThread] WARNING: pipe error: 109: file z:/build/build/src/ipc/chromium/src/chrome/common/ipc_channel_win.cc, line 332
[Child 9556, Chrome_ChildThread] WARNING: pipe error: 109: file z:/build/build/src/ipc/chromium/src/chrome/common/ipc_channel_win.cc, line 332
[Child 9551558346922012	Marionette	INFO	Stopped listening on port 52181

###!!! [Child][RunMessage] Error: Channel closing: too late to send/recv, messages will be lost

[GPU 11420, Chrome_ChildThread] WARNING: pipe error: 109: file z:/build/
###!!! [Child][MessageChannel::SendAndWait] Error: Channel error: cannot send/recv

1558346926607	mozrunner::runner	INFO	Running command: "C:\\Program Files\\Mozilla Firefox\\firefox.exe" "-marionette" "-foreground" "-no-remote" "-profile" "C:\\Users\\ADMINI~1\\AppData\\Local\\Temp\\rust_mozprofile.Vvv1Mr0Gx367"
1558346927278	addons.webextension.screenshots@mozilla.org	WARN	Loading extension 'screenshots@mozilla.org': Reading manifest: Invalid extension permission: mozillaAddons
1558346927278	addons.webextension.screenshots@mozilla.org	WARN	Loading extension 'screenshots@mozilla.org': Reading manifest: Invalid extension permission: resource://pdf.js/
1558346927278	addons.webextension.screenshots@mozilla.org	WARN	Loading extension 'screenshots@mozilla.org': Reading manifest: Invalid extension permission: about:reader*
1558346929942	Marionette	INFO	Listening on port 52239
1558346929965	Marionette	WARN	TLS certificate errors will be ignored for this session
JavaScript warning: https://wechat.katespade.aowenmarketing.com/Scripts/jquery-1.10.2.min.js, line 19: Using //@ to indicate sourceMappingURL pragmas is deprecated. Use //# instead
JavaScript warning: https://wechat.katespade.aowenmarketing.com/Scripts/jquery-1.10.2.min.js, line 19: Using //@ to indicate sourceMappingURL pragmas is deprecated. Use //# instead
[Parent 18036, Gecko_IOThread] WARNING: pipe error: 109: file z:/build/build/src/ipc/chromium/src/chrome/common/ipc_channel_win.cc, line 332
[Parent 18036, Gecko_IOThread] WARNING: pipe error: 109: file z:/build/build/src/ipc/chromium/src/chrome/common/ipc_channel_win.cc, line 332
[Parent 18036, Gecko_IOThread] WARNING: pipe error: 109: file z:/build/build/src/ipc/chromium/src/chrome/common/ipc_channel_win.cc, line 332
[Child 8320, Chrome_ChildThread] WARNING: pipe error: 109: file z:/build/build/src/ipc/chromium/src/chrome/common/ipc_channel_win.cc, line 332
[Chil1558347028573	Marionette	INFO	Stopped listening on port 52239

###!!! [Child][RunMessage] Error: Channel closing: too late to send/recv, messages will be lost

[GPU 2156, Chrome_ChildThread] WARNING: pipe error: 109: file z:/build/buil
###!!! [Child][MessageChannel::SendAndWait] Error: Channel error: cannot send/recv

1558347053062	mozrunner::runner	INFO	Running command: "C:\\Program Files\\Mozilla Firefox\\firefox.exe" "-marionette" "-foreground" "-no-remote" "-profile" "C:\\Users\\ADMINI~1\\AppData\\Local\\Temp\\rust_mozprofile.c3rTAEKqGE3a"
1558347054002	addons.webextension.screenshots@mozilla.org	WARN	Loading extension 'screenshots@mozilla.org': Reading manifest: Invalid extension permission: mozillaAddons
1558347054002	addons.webextension.screenshots@mozilla.org	WARN	Loading extension 'screenshots@mozilla.org': Reading manifest: Invalid extension permission: resource://pdf.js/
1558347054002	addons.webextension.screenshots@mozilla.org	WARN	Loading extension 'screenshots@mozilla.org': Reading manifest: Invalid extension permission: about:reader*
[Child 14732, Chrome_ChildThread] WARNING: pipe error: 109: file z:/build/build/src/ipc/chromium/src/chrome/common/ipc_channel_win.cc, line 332
[Child 14731558347056408	Marionette	INFO	Listening on port 52376
1558347056910	Marionette	WARN	TLS certificate errors will be ignored for this session
JavaScript warning: https://wechat.katespade.aowenmarketing.com/Scripts/jquery-1.10.2.min.js, line 19: Using //@ to indicate sourceMappingURL pragmas is deprecated. Use //# instead
JavaScript warning: https://wechat.katespade.aowenmarketing.com/Scripts/jquery-1.10.2.min.js, line 19: Using //@ to indicate sourceMappingURL pragmas is deprecated. Use //# instead
console.error: BroadcastService: 
  receivedBroadcastMessage: handler for
  remote-settings/monitor_changes
  threw error:
  Message: Error: Polling for changes failed: NetworkError when attempting to fetch resource..
  Stack:
    remoteSettingsFunction/remoteSettings.pollChanges@resource://services-settings/remote-settings.js:190:13

[Parent 12564, Gecko_IOThread] WARNING: pipe error: 109: file z:/build/build/src/ipc/chromium/src/chrome/common/ipc_channel_win.cc, line 332
[Parent 12564, Gecko_IOThread] WARNING: pipe error: 109: file z:/build/build/src/ipc/chromium/src/chrome/common/ipc_channel_win.cc, line 332
[Child 2760, Chrome_ChildThread] WARNING: pipe error: 109: file z:/build/build[/Cshricl/di p1c7/104, Chrome_ChildThread] WARNING: pipe error: 109: filceh rzo:m/ibuumi/lsdr/cb/ucihlrdo/mser/cc/oimmon/ipc_channel_win.cc, lpicn/chromiume/ 332s
rc/chro[Child 27me/common/ipc_channel_win.cc, line 332
[Child 17104, Chrome_[Child 11008, Chrome_ChildThread] WARNING: pipe error: 109: file z:/build/build/src/ipc/chromium/src/chrome/common/ipc_channel_win.cc, line 332
1558347404875	Marionette	INFO	Stopped listening on port 52376

###!!! [Child][RunMessage] Error: Channel closing: too late to send/recv, messages will be lost

[GPU 14868, Chrome_ChildThread] WARNING: pipe error: 109: file z:/build/bu
###!!! [Child][MessageChannel::SendAndWait] Error: Channel error: cannot send/recv

1558347421916	mozrunner::runner	INFO	Running command: "C:\\Program Files\\Mozilla Firefox\\firefox.exe" "-marionette" "-foreground" "-no-remote" "-profile" "C:\\Users\\ADMINI~1\\AppData\\Local\\Temp\\rust_mozprofile.CCReoqUEnQbf"
1558347422837	addons.webextension.screenshots@mozilla.org	WARN	Loading extension 'screenshots@mozilla.org': Reading manifest: Invalid extension permission: mozillaAddons
1558347422838	addons.webextension.screenshots@mozilla.org	WARN	Loading extension 'screenshots@mozilla.org': Reading manifest: Invalid extension permission: resource://pdf.js/
1558347422838	addons.webextension.screenshots@mozilla.org	WARN	Loading extension 'screenshots@mozilla.org': Reading manifest: Invalid extension permission: about:reader*
1558347427017	Marionette	INFO	Listening on port 52835
1558347427357	Marionette	WARN	TLS certificate errors will be ignored for this session
JavaScript warning: https://wechat.katespade.aowenmarketing.com/Scripts/jquery-1.10.2.min.js, line 19: Using //@ to indicate sourceMappingURL pragmas is deprecated. Use //# instead
JavaScript warning: https://wechat.katespade.aowenmarketing.com/Scripts/jquery-1.10.2.min.js, line 19: Using //@ to indicate sourceMappingURL pragmas is deprecated. Use //# instead
[Parent 5860, Gecko_IOThread] WARNING: pipe error: 109: file z:/build/build/src/ipc/chromium/src/chrome/common/ipc_channel_win.cc, line 332
[Child 15176, Chrome_ChildThread] WARNING: pipe error: 109: file z:/build/build/src/ipc/chromium/src/chrome/common/ipc_channel_win.cc, line 332
[Ch1558347448094	Marionette	INFO	Stopped listening on port 52835
[GPU 10036, Chrome_ChildThread] WARNING: pipe error: 109: file 
###!!! [Child][MessageChannel::SendAndWait] Error: Channel error: cannot send/recv

1558409505936	mozrunner::runner	INFO	Running command: "C:\\Program Files\\Mozilla Firefox\\firefox.exe" "-marionette" "-foreground" "-no-remote" "-profile" "C:\\Users\\ADMINI~1\\AppData\\Local\\Temp\\rust_mozprofile.lJ2S4Yv4Ulnt"
1558409506998	addons.webextension.screenshots@mozilla.org	WARN	Loading extension 'screenshots@mozilla.org': Reading manifest: Invalid extension permission: mozillaAddons
1558409506998	addons.webextension.screenshots@mozilla.org	WARN	Loading extension 'screenshots@mozilla.org': Reading manifest: Invalid extension permission: resource://pdf.js/
1558409506998	addons.webextension.screenshots@mozilla.org	WARN	Loading extension 'screenshots@mozilla.org': Reading manifest: Invalid extension permission: about:reader*
1558409510053	Marionette	INFO	Listening on port 56461
1558409511460	Marionette	WARN	TLS certificate errors will be ignored for this session
JavaScript warning: https://wechat.katespade.aowenmarketing.com/Scripts/jquery-1.10.2.min.js, line 19: Using //@ to indicate sourceMappingURL pragmas is deprecated. Use //# instead
JavaScript warning: https://wechat.katespade.aowenmarketing.com/Scripts/jquery-1.10.2.min.js, line 19: Using //@ to indicate sourceMappingURL pragmas is deprecated. Use //# instead
[1558409613119	Marionette	INFO	Stopped listening on port 56461
[GPU 1
###!!! [Child][MessageChannel::SendAndWait] Error: Channel error: cannot send/recv

:\\Users\\ADMINI~1\\AppData\\Local\\Temp\\rust_mozprofile.ezU9cEyjFeR6"
1558409573757	addons.webextension.screenshots@mozilla.org	WARN	Loading extension 'screenshots@mozilla.org': Reading manifest: Invalid extension permission: mozillaAddons
1558409573757	addons.webextension.screenshots@mozilla.org	WARN	Loading extension 'screenshots@mozilla.org': Reading manifest: Invalid extension permission: resource://pdf.js/
1558409573757	addons.webextension.screenshots@mozilla.org	WARN	Loading extension 'screenshots@mozilla.org': Reading manifest: Invalid extension permission: about:reader*
1558409575286	Marionette	INFO	Listening on port 56513
1558409575449	Marionette	WARN	TLS certificate errors will be ignored for this session
JavaScript warning: https://wechat.katespade.aowenmarketing.com/Scripts/jquery-1.10.2.min.js, line 19: Using //@ to indicate sourceMappingURL pragmas is deprecated. Use //# instead
JavaScript warning: https://wechat.katespade.aowenmarketing.com/Scripts/jquery-1.10.2.min.js, line 19: Using //@ to indicate sourceMappingURL pragmas is deprecated. Use //# instead
[Parent 8796, Gecko_IOThread] WARNING: pipe error: 109: file z:/build/build/src/ipc/chromium/src/chrome/common/ipc_channel_win.cc, line 332
[Parent 8796, Gecko_IOThread] WARNING: pipe error: 109: file z:/build/build/src/ipc/chromium/src/chrome/common/ipc_channel_win.cc, line 332
[Child 11000, Chrome_ChildThread] WARNING: pipe error: 109: file z:/build/build/src/ipc/chromium/src/chrome/common/ipc_channel_win.cc, line 332
[Child 1[Parent 8796, Gecko_IOThread] WARNING: pipe error: 109: file z:/build/build/src/ipc/chromium/src/chrome/common/ipc_channel_win.cc, line 332
[Child 11688, Chrome_ChildThread] WARNING: pipe error: 109: file z:/build/build/src/ipc/chromium/src/chrome/common/ipc_channel_win.cc, line 332
[Ch1558409610504	Marionette	INFO	Stopped listening on port 56513

###!!! [Child][RunMessage] Error: Channel closing: too late to send/recv, messages will be lost

[G
###!!! [Child][MessageChannel::SendAndWait] Error: Channel error: cannot send/recv

