1551344014787	geckodriver	INFO	geckodriver 0.20.1
1551344014801	geckodriver	INFO	Listening on 127.0.0.1:55619
1551344017830	mozrunner::runner	INFO	Running command: "C:\\Program Files\\Firefox\\firefox.exe" "-marionette" "-profile" "C:\\Users\\ADMINI~1\\AppData\\Local\\Temp\\rust_mozprofile.gHZi7QQ7Yos4"
1551344018675	addons.webextension.screenshots@mozilla.org	WARN	Loading extension 'screenshots@mozilla.org': Reading manifest: Invalid host permission: resource://pdf.js/
1551344018675	addons.webextension.screenshots@mozilla.org	WARN	Loading extension 'screenshots@mozilla.org': Reading manifest: Invalid host permission: about:reader*
1551344018813	Marionette	TRACE	Received observer notification profile-after-change
1551344018963	Marionette	TRACE	Received observer notification toplevel-window-ready
1551344019011	Marionette	TRACE	Received observer notification command-line-startup
1551344019012	Marionette	TRACE	Received observer notification nsPref:changed
1551344019012	Marionette	DEBUG	Init aborted (running=false, enabled=true, finalUIStartup=false)
1551344019113	Marionette	TRACE	Received observer notification toplevel-window-ready
1551344020535	Marionette	TRACE	Received observer notification sessionstore-windows-restored
1551344020535	Marionette	TRACE	Waiting until startup recorder finished recording startup scripts...
1551344020686	Marionette	TRACE	All scripts recorded.
1551344020686	Marionette	DEBUG	Setting recommended pref app.update.disabledForTesting to true
1551344020686	Marionette	DEBUG	Setting recommended pref browser.contentblocking.introCount to 99
1551344020687	Marionette	DEBUG	Setting recommended pref browser.newtabpage.enabled to false
1551344020688	Marionette	DEBUG	Setting recommended pref datareporting.policy.dataSubmissionPolicyAccepted to false
1551344020688	Marionette	DEBUG	Setting recommended pref dom.disable_beforeunload to true
1551344020688	Marionette	DEBUG	Setting recommended pref toolkit.cosmeticAnimations.enabled to false
1551344020740	Marionette	INFO	Listening on port 55628
1551344020741	Marionette	DEBUG	Remote service is active
1551344021037	Marionette	DEBUG	Accepted connection 0 from 127.0.0.1:55646
1551344021040	Marionette	DEBUG	0 -> [0,1,"newSession",{"acceptInsecureCerts":true,"browserName":"firefox","capabilities":{"desiredCapabilities":{"acceptInsecureCerts":true,"browserName":"firefox"}}}]
1551344021040	Marionette	DEBUG	0 <- [1,1,{"error":"unknown command","message":"newSession","stacktrace":"WebDriverError@chrome://marionette/content/error.js:179: ... et@chrome://marionette/content/server.js:236:8\n_onJSONObjectReady/<@chrome://marionette/content/transport.js:490:9\n"},null]
1551344092993	geckodriver	INFO	geckodriver 0.20.1
1551344093006	geckodriver	INFO	Listening on 127.0.0.1:55682
1551344096060	mozrunner::runner	INFO	Running command: "C:\\Program Files\\Firefox\\firefox.exe" "-marionette" "-profile" "C:\\Users\\ADMINI~1\\AppData\\Local\\Temp\\rust_mozprofile.OhmnrkIyD2cN"
1551344096741	addons.webextension.screenshots@mozilla.org	WARN	Loading extension 'screenshots@mozilla.org': Reading manifest: Invalid host permission: resource://pdf.js/
1551344096741	addons.webextension.screenshots@mozilla.org	WARN	Loading extension 'screenshots@mozilla.org': Reading manifest: Invalid host permission: about:reader*
1551344096861	Marionette	TRACE	Received observer notification profile-after-change
1551344096996	Marionette	TRACE	Received observer notification toplevel-window-ready
1551344097030	Marionette	TRACE	Received observer notification command-line-startup
1551344097030	Marionette	TRACE	Received observer notification nsPref:changed
1551344097030	Marionette	DEBUG	Init aborted (running=false, enabled=true, finalUIStartup=false)
1551344097105	Marionette	TRACE	Received observer notification toplevel-window-ready
1551344098096	Marionette	TRACE	Received observer notification sessionstore-windows-restored
1551344098096	Marionette	TRACE	Waiting until startup recorder finished recording startup scripts...
1551344098270	Marionette	TRACE	All scripts recorded.
1551344098270	Marionette	DEBUG	Setting recommended pref app.update.disabledForTesting to true
1551344098271	Marionette	DEBUG	Setting recommended pref browser.contentblocking.introCount to 99
1551344098271	Marionette	DEBUG	Setting recommended pref browser.newtabpage.enabled to false
1551344098272	Marionette	DEBUG	Setting recommended pref datareporting.policy.dataSubmissionPolicyAccepted to false
1551344098272	Marionette	DEBUG	Setting recommended pref dom.disable_beforeunload to true
1551344098272	Marionette	DEBUG	Setting recommended pref toolkit.cosmeticAnimations.enabled to false
1551344098328	Marionette	INFO	Listening on port 55691
1551344098329	Marionette	DEBUG	Remote service is active
1551344099193	Marionette	DEBUG	Accepted connection 0 from 127.0.0.1:55711
1551344099194	Marionette	DEBUG	0 -> [0,1,"newSession",{"acceptInsecureCerts":true,"browserName":"firefox","capabilities":{"desiredCapabilities":{"acceptInsecureCerts":true,"browserName":"firefox"}}}]
1551344099195	Marionette	DEBUG	0 <- [1,1,{"error":"unknown command","message":"newSession","stacktrace":"WebDriverError@chrome://marionette/content/error.js:179: ... et@chrome://marionette/content/server.js:236:8\n_onJSONObjectReady/<@chrome://marionette/content/transport.js:490:9\n"},null]
[Parent 22296, Gecko_IOThread] WARNING: pipe error: 109: file z:/build/build/src/ipc/chromium/src/chrome/common/ipc_channel_win.cc, line 332
[Parent 22296, Gecko_IOThread] WARNING: pipe error: 109: file z:/build/build/src/ipc/chromium/src/chrome/common/ipc_channel_win.cc, line 332
1551344106891	Marionette	DEBUG	Closed connection 0
[Child 4560, Chrome_ChildThread] WARNING: pipe error: 109: file z:/build/build/src/ipc/chromium/src/chrome/common/ipc_channel_win.cc, line 332
[Parent 22296, Gecko_IOThread] WARNING: pipe error: 109: file z:/build/build/src/ipc/chromium/src/chrome/common/ipc_channel_win.cc, line 332
[Child 5940, Chrome_ChildThread] WARNING: pipe error: 109: file z:/build/build/src/ipc/chromium/src/chrome/common/ipc_channel_win.cc, line 332
[Child 51551344107119	Marionette	TRACE	Received observer notification xpcom-will-shutdown
1551344107119	Marionette	DEBUG	Resetting recommended pref app.update.disabledForTesting
1551344107119	Marionette	DEBUG	Resetting recommended pref browser.contentblocking.introCount
1551344107120	Marionette	DEBUG	Resetting recommended pref browser.newtabpage.enabled
1551344107121	Marionette	DEBUG	Resetting recommended pref datareporting.policy.dataSubmissionPolicyAccepted
1551344107121	Marionette	DEBUG	Resetting recommended pref dom.disable_beforeunload
1551344107121	Marionette	DEBUG	Resetting recommended pref toolkit.cosmeticAnimations.enabled
1551344107122	Marionette	INFO	Stopped listening on port 55691
1551344107122	Marionette	DEBUG	Remote service is inactive

###!!! [Child][RunMessage] Error: Channel closing: too late to send/recv, messages will be lost

[G
###!!! [Child][MessageChannel::SendAndWait] Error: Channel error: cannot send/recv

1551344140482	geckodriver	INFO	geckodriver 0.20.1
1551344140496	geckodriver	INFO	Listening on 127.0.0.1:55785
1551344143534	mozrunner::runner	INFO	Running command: "C:\\Program Files\\Firefox\\firefox.exe" "-marionette" "-profile" "C:\\Users\\ADMINI~1\\AppData\\Local\\Temp\\rust_mozprofile.sPSBsb0XCcnr"
1551344144185	addons.webextension.screenshots@mozilla.org	WARN	Loading extension 'screenshots@mozilla.org': Reading manifest: Invalid host permission: resource://pdf.js/
1551344144185	addons.webextension.screenshots@mozilla.org	WARN	Loading extension 'screenshots@mozilla.org': Reading manifest: Invalid host permission: about:reader*
1551344144305	Marionette	TRACE	Received observer notification profile-after-change
1551344144438	Marionette	TRACE	Received observer notification toplevel-window-ready
1551344144470	Marionette	TRACE	Received observer notification command-line-startup
1551344144470	Marionette	TRACE	Received observer notification nsPref:changed
1551344144471	Marionette	DEBUG	Init aborted (running=false, enabled=true, finalUIStartup=false)
1551344144548	Marionette	TRACE	Received observer notification toplevel-window-ready
1551344145493	Marionette	TRACE	Received observer notification sessionstore-windows-restored
1551344145494	Marionette	TRACE	Waiting until startup recorder finished recording startup scripts...
1551344145663	Marionette	TRACE	All scripts recorded.
1551344145663	Marionette	DEBUG	Setting recommended pref app.update.disabledForTesting to true
1551344145663	Marionette	DEBUG	Setting recommended pref browser.contentblocking.introCount to 99
1551344145663	Marionette	DEBUG	Setting recommended pref browser.newtabpage.enabled to false
1551344145664	Marionette	DEBUG	Setting recommended pref datareporting.policy.dataSubmissionPolicyAccepted to false
1551344145664	Marionette	DEBUG	Setting recommended pref dom.disable_beforeunload to true
1551344145665	Marionette	DEBUG	Setting recommended pref toolkit.cosmeticAnimations.enabled to false
1551344145710	Marionette	INFO	Listening on port 55794
1551344145710	Marionette	DEBUG	Remote service is active
1551344146663	Marionette	DEBUG	Accepted connection 0 from 127.0.0.1:55814
1551344146664	Marionette	DEBUG	0 -> [0,1,"newSession",{"acceptInsecureCerts":true,"browserName":"firefox","capabilities":{"desiredCapabilities":{"acceptInsecureCerts":true,"browserName":"firefox"}}}]
1551344146665	Marionette	DEBUG	0 <- [1,1,{"error":"unknown command","message":"newSession","stacktrace":"WebDriverError@chrome://marionette/content/error.js:179: ... et@chrome://marionette/content/server.js:236:8\n_onJSONObjectReady/<@chrome://marionette/content/transport.js:490:9\n"},null]
1551344183741	geckodriver	INFO	geckodriver 0.20.1
1551344183755	geckodriver	INFO	Listening on 127.0.0.1:55835
1551344186806	mozrunner::runner	INFO	Running command: "C:\\Program Files\\Firefox\\firefox.exe" "-marionette" "-profile" "C:\\Users\\ADMINI~1\\AppData\\Local\\Temp\\rust_mozprofile.nYOFMZBtkAxo"
1551344187191	addons.webextension.screenshots@mozilla.org	WARN	Loading extension 'screenshots@mozilla.org': Reading manifest: Invalid host permission: resource://pdf.js/
1551344187191	addons.webextension.screenshots@mozilla.org	WARN	Loading extension 'screenshots@mozilla.org': Reading manifest: Invalid host permission: about:reader*
1551344187307	Marionette	TRACE	Received observer notification profile-after-change
1551344187438	Marionette	TRACE	Received observer notification toplevel-window-ready
1551344187472	Marionette	TRACE	Received observer notification command-line-startup
1551344187472	Marionette	TRACE	Received observer notification nsPref:changed
1551344187472	Marionette	DEBUG	Init aborted (running=false, enabled=true, finalUIStartup=false)
1551344187545	Marionette	TRACE	Received observer notification toplevel-window-ready
1551344188415	Marionette	TRACE	Received observer notification sessionstore-windows-restored
1551344188416	Marionette	TRACE	Waiting until startup recorder finished recording startup scripts...
1551344188559	Marionette	TRACE	All scripts recorded.
1551344188560	Marionette	DEBUG	Setting recommended pref app.update.disabledForTesting to true
1551344188560	Marionette	DEBUG	Setting recommended pref browser.contentblocking.introCount to 99
1551344188560	Marionette	DEBUG	Setting recommended pref browser.newtabpage.enabled to false
1551344188561	Marionette	DEBUG	Setting recommended pref datareporting.policy.dataSubmissionPolicyAccepted to false
1551344188561	Marionette	DEBUG	Setting recommended pref dom.disable_beforeunload to true
1551344188562	Marionette	DEBUG	Setting recommended pref toolkit.cosmeticAnimations.enabled to false
1551344188601	Marionette	INFO	Listening on port 55845
1551344188601	Marionette	DEBUG	Remote service is active
1551344188836	Marionette	DEBUG	Accepted connection 0 from 127.0.0.1:55851
1551344188838	Marionette	DEBUG	0 -> [0,1,"newSession",{"acceptInsecureCerts":true,"browserName":"firefox","capabilities":{"desiredCapabilities":{"acceptInsecureCerts":true,"browserName":"firefox"}}}]
1551344188839	Marionette	DEBUG	0 <- [1,1,{"error":"unknown command","message":"newSession","stacktrace":"WebDriverError@chrome://marionette/content/error.js:179: ... et@chrome://marionette/content/server.js:236:8\n_onJSONObjectReady/<@chrome://marionette/content/transport.js:490:9\n"},null]
1551344366779	geckodriver	INFO	geckodriver 0.20.1
1551344366792	geckodriver	INFO	Listening on 127.0.0.1:56102
1551344369818	mozrunner::runner	INFO	Running command: "C:\\Program Files\\Firefox\\firefox.exe" "-marionette" "-profile" "C:\\Users\\ADMINI~1\\AppData\\Local\\Temp\\rust_mozprofile.rrPPwyaq9HJk"
1551344370496	addons.webextension.screenshots@mozilla.org	WARN	Loading extension 'screenshots@mozilla.org': Reading manifest: Invalid host permission: resource://pdf.js/
1551344370497	addons.webextension.screenshots@mozilla.org	WARN	Loading extension 'screenshots@mozilla.org': Reading manifest: Invalid host permission: about:reader*
1551344370617	Marionette	TRACE	Received observer notification profile-after-change
1551344370749	Marionette	TRACE	Received observer notification toplevel-window-ready
1551344370780	Marionette	TRACE	Received observer notification command-line-startup
1551344370781	Marionette	TRACE	Received observer notification nsPref:changed
1551344370781	Marionette	DEBUG	Init aborted (running=false, enabled=true, finalUIStartup=false)
1551344370845	Marionette	TRACE	Received observer notification toplevel-window-ready
1551344371879	Marionette	TRACE	Received observer notification sessionstore-windows-restored
1551344371880	Marionette	TRACE	GFX sanity window detected, waiting until it has been closed...
1551344372060	Marionette	TRACE	Received observer notification domwindowclosed
1551344372061	Marionette	TRACE	Waiting until startup recorder finished recording startup scripts...
1551344372436	Marionette	TRACE	All scripts recorded.
1551344372436	Marionette	DEBUG	Setting recommended pref app.update.disabledForTesting to true
1551344372436	Marionette	DEBUG	Setting recommended pref browser.contentblocking.introCount to 99
1551344372436	Marionette	DEBUG	Setting recommended pref browser.newtabpage.enabled to false
1551344372438	Marionette	DEBUG	Setting recommended pref datareporting.policy.dataSubmissionPolicyAccepted to false
1551344372438	Marionette	DEBUG	Setting recommended pref dom.disable_beforeunload to true
1551344372438	Marionette	DEBUG	Setting recommended pref toolkit.cosmeticAnimations.enabled to false
1551344372481	Marionette	INFO	Listening on port 56112
1551344372481	Marionette	DEBUG	Remote service is active
1551344372975	Marionette	DEBUG	Accepted connection 0 from 127.0.0.1:56128
1551344372979	Marionette	DEBUG	0 -> [0,1,"newSession",{"acceptInsecureCerts":true,"browserName":"firefox","capabilities":{"desiredCapabilities":{"acceptInsecureCerts":true,"browserName":"firefox"}}}]
1551344372982	Marionette	DEBUG	0 <- [1,1,{"error":"unknown command","message":"newSession","stacktrace":"WebDriverError@chrome://marionette/content/error.js:179: ... et@chrome://marionette/content/server.js:236:8\n_onJSONObjectReady/<@chrome://marionette/content/transport.js:490:9\n"},null]
1551344423325	geckodriver	INFO	geckodriver 0.20.1
1551344423338	geckodriver	INFO	Listening on 127.0.0.1:56322
1551344426377	mozrunner::runner	INFO	Running command: "C:\\Program Files\\Firefox\\firefox.exe" "-marionette" "-profile" "C:\\Users\\ADMINI~1\\AppData\\Local\\Temp\\rust_mozprofile.8VMK1C6BhkNP"
1551344427120	addons.webextension.screenshots@mozilla.org	WARN	Loading extension 'screenshots@mozilla.org': Reading manifest: Invalid host permission: resource://pdf.js/
1551344427120	addons.webextension.screenshots@mozilla.org	WARN	Loading extension 'screenshots@mozilla.org': Reading manifest: Invalid host permission: about:reader*
1551344427258	Marionette	TRACE	Received observer notification profile-after-change
1551344427420	Marionette	TRACE	Received observer notification toplevel-window-ready
1551344427458	Marionette	TRACE	Received observer notification command-line-startup
1551344427458	Marionette	TRACE	Received observer notification nsPref:changed
1551344427458	Marionette	DEBUG	Init aborted (running=false, enabled=true, finalUIStartup=false)
1551344427550	Marionette	TRACE	Received observer notification toplevel-window-ready
1551344428549	Marionette	TRACE	Received observer notification sessionstore-windows-restored
1551344428549	Marionette	TRACE	Waiting until startup recorder finished recording startup scripts...
1551344428693	Marionette	TRACE	All scripts recorded.
1551344428693	Marionette	DEBUG	Setting recommended pref app.update.disabledForTesting to true
1551344428694	Marionette	DEBUG	Setting recommended pref browser.contentblocking.introCount to 99
1551344428694	Marionette	DEBUG	Setting recommended pref browser.newtabpage.enabled to false
1551344428695	Marionette	DEBUG	Setting recommended pref datareporting.policy.dataSubmissionPolicyAccepted to false
1551344428695	Marionette	DEBUG	Setting recommended pref dom.disable_beforeunload to true
1551344428695	Marionette	DEBUG	Setting recommended pref toolkit.cosmeticAnimations.enabled to false
1551344428735	Marionette	INFO	Listening on port 56334
1551344428736	Marionette	DEBUG	Remote service is active
1551344429503	Marionette	DEBUG	Accepted connection 0 from 127.0.0.1:56352
1551344429506	Marionette	DEBUG	0 -> [0,1,"newSession",{"acceptInsecureCerts":true,"browserName":"firefox","capabilities":{"desiredCapabilities":{"acceptInsecureCerts":true,"browserName":"firefox"}}}]
1551344429507	Marionette	DEBUG	0 <- [1,1,{"error":"unknown command","message":"newSession","stacktrace":"WebDriverError@chrome://marionette/content/error.js:179: ... et@chrome://marionette/content/server.js:236:8\n_onJSONObjectReady/<@chrome://marionette/content/transport.js:490:9\n"},null]
1551344862897	geckodriver	INFO	geckodriver 0.20.1
1551344862911	geckodriver	INFO	Listening on 127.0.0.1:56669
1551344865971	mozrunner::runner	INFO	Running command: "C:\\Program Files\\Firefox\\firefox.exe" "-marionette" "-profile" "C:\\Users\\ADMINI~1\\AppData\\Local\\Temp\\rust_mozprofile.BsOolQgr8XYc"
1551344866637	addons.webextension.screenshots@mozilla.org	WARN	Loading extension 'screenshots@mozilla.org': Reading manifest: Invalid host permission: resource://pdf.js/
1551344866637	addons.webextension.screenshots@mozilla.org	WARN	Loading extension 'screenshots@mozilla.org': Reading manifest: Invalid host permission: about:reader*
1551344866750	Marionette	TRACE	Received observer notification profile-after-change
1551344866888	Marionette	TRACE	Received observer notification toplevel-window-ready
1551344866923	Marionette	TRACE	Received observer notification command-line-startup
1551344866923	Marionette	TRACE	Received observer notification nsPref:changed
1551344866923	Marionette	DEBUG	Init aborted (running=false, enabled=true, finalUIStartup=false)
1551344866994	Marionette	TRACE	Received observer notification toplevel-window-ready
1551344867893	Marionette	TRACE	Received observer notification sessionstore-windows-restored
1551344867894	Marionette	TRACE	Waiting until startup recorder finished recording startup scripts...
1551344868050	Marionette	TRACE	All scripts recorded.
1551344868050	Marionette	DEBUG	Setting recommended pref app.update.disabledForTesting to true
1551344868050	Marionette	DEBUG	Setting recommended pref browser.contentblocking.introCount to 99
1551344868051	Marionette	DEBUG	Setting recommended pref browser.newtabpage.enabled to false
1551344868052	Marionette	DEBUG	Setting recommended pref datareporting.policy.dataSubmissionPolicyAccepted to false
1551344868052	Marionette	DEBUG	Setting recommended pref dom.disable_beforeunload to true
1551344868052	Marionette	DEBUG	Setting recommended pref toolkit.cosmeticAnimations.enabled to false
1551344868094	Marionette	INFO	Listening on port 56679
1551344868094	Marionette	DEBUG	Remote service is active
1551344869105	Marionette	DEBUG	Accepted connection 0 from 127.0.0.1:56702
1551344869108	Marionette	DEBUG	0 -> [0,1,"newSession",{"acceptInsecureCerts":true,"browserName":"firefox","capabilities":{"desiredCapabilities":{"acceptInsecureCerts":true,"browserName":"firefox"}}}]
1551344869108	Marionette	DEBUG	0 <- [1,1,{"error":"unknown command","message":"newSession","stacktrace":"WebDriverError@chrome://marionette/content/error.js:179: ... et@chrome://marionette/content/server.js:236:8\n_onJSONObjectReady/<@chrome://marionette/content/transport.js:490:9\n"},null]
[Parent 4800, Gecko_IOThread] WARNING: pipe error: 109: file z:/build/build/src/ipc/chromium/src/chrome/common/ipc_channel_win.cc, line 332
[Child 11116, Chrome_ChildThread] WARNING: pipe error: 109: file z:/build/build/src/ipc/chromium/src/chrome/common/ipc_channel_win.cc, line 332
[Child 111[Parent 4800, Gecko_IOThread] WARNING: pipe error: 109: file z:/build/build/src/ipc/chromium/src/chrome/common/ipc_channel_win.cc, line 332
[Child 5012, Chrome_ChildThread] WARNING: pipe error: 109: file z:/build/build/src/ipc/chromium/src/chrome/common/ipc_channel_win.cc, line 332
[Child 5012, CExiting due to channel error.
1551346178247	geckodriver	INFO	geckodriver 0.20.1
1551346178264	geckodriver	INFO	Listening on 127.0.0.1:57902
1551346181276	mozrunner::runner	INFO	Running command: "C:\\Program Files\\Firefox\\firefox.exe" "-marionette" "-profile" "C:\\Users\\ADMINI~1\\AppData\\Local\\Temp\\rust_mozprofile.b95wE5Veowcu"
1551346181795	addons.webextension.screenshots@mozilla.org	WARN	Loading extension 'screenshots@mozilla.org': Reading manifest: Invalid host permission: resource://pdf.js/
1551346181795	addons.webextension.screenshots@mozilla.org	WARN	Loading extension 'screenshots@mozilla.org': Reading manifest: Invalid host permission: about:reader*
1551346181922	Marionette	TRACE	Received observer notification profile-after-change
1551346182066	Marionette	TRACE	Received observer notification toplevel-window-ready
1551346182109	Marionette	TRACE	Received observer notification command-line-startup
1551346182109	Marionette	TRACE	Received observer notification nsPref:changed
1551346182109	Marionette	DEBUG	Init aborted (running=false, enabled=true, finalUIStartup=false)
1551346182185	Marionette	TRACE	Received observer notification toplevel-window-ready
1551346183249	Marionette	TRACE	Received observer notification sessionstore-windows-restored
1551346183250	Marionette	TRACE	Waiting until startup recorder finished recording startup scripts...
1551346183354	Marionette	TRACE	All scripts recorded.
1551346183354	Marionette	DEBUG	Setting recommended pref app.update.disabledForTesting to true
1551346183354	Marionette	DEBUG	Setting recommended pref browser.contentblocking.introCount to 99
1551346183355	Marionette	DEBUG	Setting recommended pref browser.newtabpage.enabled to false
1551346183355	Marionette	DEBUG	Setting recommended pref datareporting.policy.dataSubmissionPolicyAccepted to false
1551346183355	Marionette	DEBUG	Setting recommended pref dom.disable_beforeunload to true
1551346183356	Marionette	DEBUG	Setting recommended pref toolkit.cosmeticAnimations.enabled to false
1551346183415	Marionette	INFO	Listening on port 57910
1551346183415	Marionette	DEBUG	Remote service is active
1551346184419	Marionette	DEBUG	Accepted connection 0 from 127.0.0.1:57927
1551346184421	Marionette	DEBUG	0 -> [0,1,"newSession",{"acceptInsecureCerts":true,"browserName":"firefox","capabilities":{"desiredCapabilities":{"acceptInsecureCerts":true,"browserName":"firefox"}}}]
1551346184421	Marionette	DEBUG	0 <- [1,1,{"error":"unknown command","message":"newSession","stacktrace":"WebDriverError@chrome://marionette/content/error.js:179: ... et@chrome://marionette/content/server.js:236:8\n_onJSONObjectReady/<@chrome://marionette/content/transport.js:490:9\n"},null]
[Parent 22280, Gecko_IOThread] WARNING: pipe error: 109: file z:/build/build/src/ipc/chromium/src/chrome/common/ipc_channel_win.cc, line 332
[Parent 22280, Gecko_IOThread] WARNING: pipe error: 109: file z:/build/build/src/ipc/chromium/src/chrome/common/ipc_channel_win.cc, line 332
[Child 19200, Chrome_ChildThread] WARNING: pipe error: 109: file z:/build/build/src/ipc/chromium/src/chrome/common/ipc_channel_win.cc, line 332
[Child 19200, Chrome_ChildThread] WARNING: pipe error: 109: file z:/build/build/src/ipc/chromium/src/chrome/common/ipc_channel_win.cc, line 332
1551346218461	Marionette	DEBUG	Closed connection 0
[Parent 22280, Gecko_IOThread] WARNING: pipe error: 109: file z:/build/build/src/ipc/chromium/src/chrome/common/ipc_channel_win.cc, line 332
1551346218658	Marionette	TRACE	Received observer notification xpcom-will-shutdown
1551346218658	Marionette	DEBUG	Resetting recommended pref app.update.disabledForTesting
1551346218658	Marionette	DEBUG	Resetting recommended pref browser.contentblocking.introCount
1551346218658	Marionette	DEBUG	Resetting recommended pref browser.newtabpage.enabled
1551346218659	Marionette	DEBUG	Resetting recommended pref datareporting.policy.dataSubmissionPolicyAccepted
1551346218659	Marionette	DEBUG	Resetting recommended pref dom.disable_beforeunload
1551346218659	Marionette	DEBUG	Resetting recommended pref toolkit.cosmeticAnimations.enabled
1551346218660	Marionette	INFO	Stopped listening on port 57910
1551346218660	Marionette	DEBUG	Remote service is inactive
[GPU 9524
###!!! [Child][MessageChannel::SendAndWait] Error: Channel error: cannot send/recv

1551404657028	geckodriver	INFO	geckodriver 0.20.1
1551404657041	geckodriver	INFO	Listening on 127.0.0.1:64407
1551404660092	mozrunner::runner	INFO	Running command: "C:\\Program Files\\Firefox\\firefox.exe" "-marionette" "-profile" "C:\\Users\\ADMINI~1\\AppData\\Local\\Temp\\rust_mozprofile.73pjUPMAS1t2"
1551404660926	addons.webextension.screenshots@mozilla.org	WARN	Loading extension 'screenshots@mozilla.org': Reading manifest: Invalid host permission: resource://pdf.js/
1551404660927	addons.webextension.screenshots@mozilla.org	WARN	Loading extension 'screenshots@mozilla.org': Reading manifest: Invalid host permission: about:reader*
1551404661062	Marionette	TRACE	Received observer notification profile-after-change
1551404661200	Marionette	TRACE	Received observer notification toplevel-window-ready
1551404661239	Marionette	TRACE	Received observer notification command-line-startup
1551404661240	Marionette	TRACE	Received observer notification nsPref:changed
1551404661240	Marionette	DEBUG	Init aborted (running=false, enabled=true, finalUIStartup=false)
1551404661325	Marionette	TRACE	Received observer notification toplevel-window-ready
1551404662274	Marionette	TRACE	Received observer notification sessionstore-windows-restored
1551404662275	Marionette	TRACE	Waiting until startup recorder finished recording startup scripts...
1551404662426	Marionette	TRACE	All scripts recorded.
1551404662427	Marionette	DEBUG	Setting recommended pref app.update.disabledForTesting to true
1551404662427	Marionette	DEBUG	Setting recommended pref browser.contentblocking.introCount to 99
1551404662427	Marionette	DEBUG	Setting recommended pref browser.newtabpage.enabled to false
1551404662428	Marionette	DEBUG	Setting recommended pref datareporting.policy.dataSubmissionPolicyAccepted to false
1551404662428	Marionette	DEBUG	Setting recommended pref dom.disable_beforeunload to true
1551404662428	Marionette	DEBUG	Setting recommended pref toolkit.cosmeticAnimations.enabled to false
1551404662478	Marionette	INFO	Listening on port 64415
1551404662478	Marionette	DEBUG	Remote service is active
1551404663275	Marionette	DEBUG	Accepted connection 0 from 127.0.0.1:64433
1551404663279	Marionette	DEBUG	0 -> [0,1,"newSession",{"acceptInsecureCerts":true,"browserName":"firefox","capabilities":{"desiredCapabilities":{"acceptInsecureCerts":true,"browserName":"firefox"}}}]
1551404663281	Marionette	DEBUG	0 <- [1,1,{"error":"unknown command","message":"newSession","stacktrace":"WebDriverError@chrome://marionette/content/error.js:179: ... et@chrome://marionette/content/server.js:236:8\n_onJSONObjectReady/<@chrome://marionette/content/transport.js:490:9\n"},null]
[Parent 21520, Gecko_IOThread] WARNING: pipe error: 109: file z:/build/build/src/ipc/chromium/src/chrome/common/ipc_channel_win.cc, line 332
[Parent 21520, Gecko_IOThread] WARNING: pipe error: 109: file z:/build/build/src/ipc/chromium/src/chrome/common/ipc_channel_win.cc, line 332
[Child 20772, Chrome_ChildThread] WARNING: pipe error: 109: file z:/build/build/src/ipc/chromium/src/chrome/common/ipc_channel_win.cc, line 332
[Child 20772, Chrome_ChildThread] WARNING1551404687168	Marionette	DEBUG	Closed connection 0
[Parent 21520, Gecko_IOThread] WARNING: pipe error: 109: file z:/build/build/src/ipc/chromium/src/chrome/common/ipc_channel_win.cc, line 332
[Child 16060, Chrome_ChildThread] WARNING: pipe error: 109: file z:/build/build/src/ipc/chromium/src/chrome/common/ipc_channel_win.cc, line 332
[Child 16060, Ch1551404687358	Marionette	TRACE	Received observer notification xpcom-will-shutdown
1551404687358	Marionette	DEBUG	Resetting recommended pref app.update.disabledForTesting
1551404687359	Marionette	DEBUG	Resetting recommended pref browser.contentblocking.introCount
1551404687359	Marionette	DEBUG	Resetting recommended pref browser.newtabpage.enabled
1551404687359	Marionette	DEBUG	Resetting recommended pref datareporting.policy.dataSubmissionPolicyAccepted
1551404687359	Marionette	DEBUG	Resetting recommended pref dom.disable_beforeunload
1551404687359	Marionette	DEBUG	Resetting recommended pref toolkit.cosmeticAnimations.enabled
1551404687360	Marionette	INFO	Stopped listening on port 64415
1551404687360	Marionette	DEBUG	Remote service is inactive
[GPU 7104, C
###!!! [Child][MessageChannel::SendAndWait] Error: Channel error: cannot send/recv

1551404699481	geckodriver	INFO	geckodriver 0.20.1
1551404699496	geckodriver	INFO	Listening on 127.0.0.1:64450
1551404702547	mozrunner::runner	INFO	Running command: "C:\\Program Files\\Firefox\\firefox.exe" "-marionette" "-profile" "C:\\Users\\ADMINI~1\\AppData\\Local\\Temp\\rust_mozprofile.1eISt59gvXZF"
1551404702924	addons.webextension.screenshots@mozilla.org	WARN	Loading extension 'screenshots@mozilla.org': Reading manifest: Invalid host permission: resource://pdf.js/
1551404702924	addons.webextension.screenshots@mozilla.org	WARN	Loading extension 'screenshots@mozilla.org': Reading manifest: Invalid host permission: about:reader*
1551404703034	Marionette	TRACE	Received observer notification profile-after-change
1551404703180	Marionette	TRACE	Received observer notification toplevel-window-ready
1551404703212	Marionette	TRACE	Received observer notification command-line-startup
1551404703212	Marionette	TRACE	Received observer notification nsPref:changed
1551404703212	Marionette	DEBUG	Init aborted (running=false, enabled=true, finalUIStartup=false)
1551404703277	Marionette	TRACE	Received observer notification toplevel-window-ready
1551404704157	Marionette	TRACE	Received observer notification sessionstore-windows-restored
1551404704157	Marionette	TRACE	Waiting until startup recorder finished recording startup scripts...
1551404704335	Marionette	TRACE	All scripts recorded.
1551404704335	Marionette	DEBUG	Setting recommended pref app.update.disabledForTesting to true
1551404704336	Marionette	DEBUG	Setting recommended pref browser.contentblocking.introCount to 99
1551404704336	Marionette	DEBUG	Setting recommended pref browser.newtabpage.enabled to false
1551404704337	Marionette	DEBUG	Setting recommended pref datareporting.policy.dataSubmissionPolicyAccepted to false
1551404704337	Marionette	DEBUG	Setting recommended pref dom.disable_beforeunload to true
1551404704337	Marionette	DEBUG	Setting recommended pref toolkit.cosmeticAnimations.enabled to false
1551404704390	Marionette	INFO	Listening on port 64467
1551404704391	Marionette	DEBUG	Remote service is active
1551404704576	Marionette	DEBUG	Accepted connection 0 from 127.0.0.1:64473
1551404704578	Marionette	DEBUG	0 -> [0,1,"newSession",{"acceptInsecureCerts":true,"browserName":"firefox","capabilities":{"desiredCapabilities":{"acceptInsecureCerts":true,"browserName":"firefox"}}}]
1551404704579	Marionette	DEBUG	0 <- [1,1,{"error":"unknown command","message":"newSession","stacktrace":"WebDriverError@chrome://marionette/content/error.js:179: ... et@chrome://marionette/content/server.js:236:8\n_onJSONObjectReady/<@chrome://marionette/content/transport.js:490:9\n"},null]
[Parent 12136, Gecko_IOThread] WARNING: pipe error: 109: file z:/build/build/src/ipc/chromium/src/chrome/common/ipc_channel_win.cc, line 332
[Child 9524, Chrome_ChildThread] WARNING: pipe error: 109: file z:/build/build/src/ipc/chromium/src/chrome/common/ipc_channel_win.cc, line 332
[Child 9524, Chrome_[Child 11676, Chrome_ChildThread] WARNING: pipe error: 109: file z:/build/build/src/ipc/chromium/src/chrome/common/ipc_channel_win.cc, line 332
[Child 11676, Chrome_ChildThread] WARNING: pipe error: 109: fil1551404728529	Marionette	DEBUG	Closed connection 0
[Parent 12136, Gecko_IOThread] WARNING: file z:/build/build/src/ipc/chromium/src/base/process_util_win.cc, line 166
1551404728731	Marionette	TRACE	Received observer notification xpcom-will-shutdown
1551404728731	Marionette	DEBUG	Resetting recommended pref app.update.disabledForTesting
1551404728731	Marionette	DEBUG	Resetting recommended pref browser.contentblocking.introCount
1551404728731	Marionette	DEBUG	Resetting recommended pref browser.newtabpage.enabled
1551404728732	Marionette	DEBUG	Resetting recommended pref datareporting.policy.dataSubmissionPolicyAccepted
1551404728732	Marionette	DEBUG	Resetting recommended pref dom.disable_beforeunload
1551404728732	Marionette	DEBUG	Resetting recommended pref toolkit.cosmeticAnimations.enabled
1551404728732	Marionette	INFO	Stopped listening on port 64467
1551404728733	Marionette	DEBUG	Remote service is inactive
[GPU 18
###!!! [Child][RunMessage] Error: Channel closing: too late to send/recv, messages will be lost


###!!! [Child][MessageChannel::SendAndWait] Error: Channel error: cannot send/recv

1551404738698	geckodriver	INFO	geckodriver 0.20.1
1551404738710	geckodriver	INFO	Listening on 127.0.0.1:64568
1551404741728	mozrunner::runner	INFO	Running command: "C:\\Program Files\\Firefox\\firefox.exe" "-marionette" "-profile" "C:\\Users\\ADMINI~1\\AppData\\Local\\Temp\\rust_mozprofile.7x1SIMNfUc5K"
1551404742118	addons.webextension.screenshots@mozilla.org	WARN	Loading extension 'screenshots@mozilla.org': Reading manifest: Invalid host permission: resource://pdf.js/
1551404742118	addons.webextension.screenshots@mozilla.org	WARN	Loading extension 'screenshots@mozilla.org': Reading manifest: Invalid host permission: about:reader*
1551404742228	Marionette	TRACE	Received observer notification profile-after-change
1551404742349	Marionette	TRACE	Received observer notification toplevel-window-ready
1551404742380	Marionette	TRACE	Received observer notification command-line-startup
1551404742380	Marionette	TRACE	Received observer notification nsPref:changed
1551404742380	Marionette	DEBUG	Init aborted (running=false, enabled=true, finalUIStartup=false)
1551404742451	Marionette	TRACE	Received observer notification toplevel-window-ready
1551404743316	Marionette	TRACE	Received observer notification sessionstore-windows-restored
1551404743316	Marionette	TRACE	Waiting until startup recorder finished recording startup scripts...
1551404743469	Marionette	TRACE	All scripts recorded.
1551404743469	Marionette	DEBUG	Setting recommended pref app.update.disabledForTesting to true
1551404743470	Marionette	DEBUG	Setting recommended pref browser.contentblocking.introCount to 99
1551404743470	Marionette	DEBUG	Setting recommended pref browser.newtabpage.enabled to false
1551404743471	Marionette	DEBUG	Setting recommended pref datareporting.policy.dataSubmissionPolicyAccepted to false
1551404743471	Marionette	DEBUG	Setting recommended pref dom.disable_beforeunload to true
1551404743472	Marionette	DEBUG	Setting recommended pref toolkit.cosmeticAnimations.enabled to false
1551404743512	Marionette	INFO	Listening on port 64576
1551404743512	Marionette	DEBUG	Remote service is active
1551404743755	Marionette	DEBUG	Accepted connection 0 from 127.0.0.1:64582
1551404743758	Marionette	DEBUG	0 -> [0,1,"newSession",{"acceptInsecureCerts":true,"browserName":"firefox","capabilities":{"desiredCapabilities":{"acceptInsecureCerts":true,"browserName":"firefox"}}}]
1551404743759	Marionette	DEBUG	0 <- [1,1,{"error":"unknown command","message":"newSession","stacktrace":"WebDriverError@chrome://marionette/content/error.js:179: ... et@chrome://marionette/content/server.js:236:8\n_onJSONObjectReady/<@chrome://marionette/content/transport.js:490:9\n"},null]
[Parent 11316, Gecko_IOThread] WARNING: pipe error: 109: file z:/build/build/src/ipc/chromium/src/chrome/common/ipc_channel_win.cc, line 332
1551404750506	Marionette	DEBUG	Closed connection 0
[Child 10760, Chrome_ChildThread] WARNING: pipe error: 109: file z:/build/build/src/ipc/chromium/src/chrome/common/ipc_channel_win.cc, line 332
[Child 10760,[Parent 11316, Gecko_IOThread] WARNING: pipe error: 109: file z:/build/build/src/ipc/chromium/src/chrome/common/ipc_channel_win.cc, line 332
[Child 2608, Chrome_ChildThread] WARNING: pipe error: 109: file z:/build/build/src/ipc/chromium/src/chrome/common/ipc_channel_win.cc, line 332
[Child 21551404750679	Marionette	TRACE	Received observer notification xpcom-will-shutdown
1551404750679	Marionette	DEBUG	Resetting recommended pref app.update.disabledForTesting
1551404750679	Marionette	DEBUG	Resetting recommended pref browser.contentblocking.introCount
1551404750679	Marionette	DEBUG	Resetting recommended pref browser.newtabpage.enabled
1551404750679	Marionette	DEBUG	Resetting recommended pref datareporting.policy.dataSubmissionPolicyAccepted
1551404750679	Marionette	DEBUG	Resetting recommended pref dom.disable_beforeunload
1551404750679	Marionette	DEBUG	Resetting recommended pref toolkit.cosmeticAnimations.enabled
1551404750679	Marionette	INFO	Stopped listening on port 64576
1551404750680	Marionette	DEBUG	Remote service is inactive
[GPU 16
###!!! [Child][MessageChannel::SendAndWait] Error: Channel error: cannot send/recv

1551404770125	geckodriver	INFO	geckodriver 0.20.1
1551404770138	geckodriver	INFO	Listening on 127.0.0.1:64622
1551404773197	mozrunner::runner	INFO	Running command: "C:\\Program Files\\Firefox\\firefox.exe" "-marionette" "-profile" "C:\\Users\\ADMINI~1\\AppData\\Local\\Temp\\rust_mozprofile.Rr8KdhWNQXaz"
1551404773579	addons.webextension.screenshots@mozilla.org	WARN	Loading extension 'screenshots@mozilla.org': Reading manifest: Invalid host permission: resource://pdf.js/
1551404773579	addons.webextension.screenshots@mozilla.org	WARN	Loading extension 'screenshots@mozilla.org': Reading manifest: Invalid host permission: about:reader*
1551404773693	Marionette	TRACE	Received observer notification profile-after-change
1551404773814	Marionette	TRACE	Received observer notification toplevel-window-ready
1551404773849	Marionette	TRACE	Received observer notification command-line-startup
1551404773850	Marionette	TRACE	Received observer notification nsPref:changed
1551404773850	Marionette	DEBUG	Init aborted (running=false, enabled=true, finalUIStartup=false)
1551404773920	Marionette	TRACE	Received observer notification toplevel-window-ready
1551404774864	Marionette	TRACE	Received observer notification sessionstore-windows-restored
1551404774864	Marionette	TRACE	Waiting until startup recorder finished recording startup scripts...
1551404775102	Marionette	TRACE	All scripts recorded.
1551404775102	Marionette	DEBUG	Setting recommended pref app.update.disabledForTesting to true
1551404775102	Marionette	DEBUG	Setting recommended pref browser.contentblocking.introCount to 99
1551404775103	Marionette	DEBUG	Setting recommended pref browser.newtabpage.enabled to false
1551404775104	Marionette	DEBUG	Setting recommended pref datareporting.policy.dataSubmissionPolicyAccepted to false
1551404775104	Marionette	DEBUG	Setting recommended pref dom.disable_beforeunload to true
1551404775105	Marionette	DEBUG	Setting recommended pref toolkit.cosmeticAnimations.enabled to false
1551404775151	Marionette	INFO	Listening on port 64632
1551404775151	Marionette	DEBUG	Remote service is active
1551404775222	Marionette	DEBUG	Accepted connection 0 from 127.0.0.1:64637
1551404775224	Marionette	DEBUG	0 -> [0,1,"newSession",{"acceptInsecureCerts":true,"browserName":"firefox","capabilities":{"desiredCapabilities":{"acceptInsecureCerts":true,"browserName":"firefox"}}}]
1551404775225	Marionette	DEBUG	0 <- [1,1,{"error":"unknown command","message":"newSession","stacktrace":"WebDriverError@chrome://marionette/content/error.js:179: ... et@chrome://marionette/content/server.js:236:8\n_onJSONObjectReady/<@chrome://marionette/content/transport.js:490:9\n"},null]
[Parent 21532, Gecko_IOThread] WARNING: pipe error: 109: file z:/build/build/src/ipc/chromium/src/chrome/common/ipc_channel_win.cc, line 332
1551404780711	Marionette	DEBUG	Closed connection 0
1551404780969	Marionette	TRACE	Received observer notification xpcom-will-shutdown
1551404780969	Marionette	DEBUG	Resetting recommended pref app.update.disabledForTesting
1551404780970	Marionette	DEBUG	Resetting recommended pref browser.contentblocking.introCount
1551404780970	Marionette	DEBUG	Resetting recommended pref browser.newtabpage.enabled
1551404780970	Marionette	DEBUG	Resetting recommended pref datareporting.policy.dataSubmissionPolicyAccepted
1551404780971	Marionette	DEBUG	Resetting recommended pref dom.disable_beforeunload
1551404780971	Marionette	DEBUG	Resetting recommended pref toolkit.cosmeticAnimations.enabled
1551404780971	Marionette	INFO	Stopped listening on port 64632
1551404780972	Marionette	DEBUG	Remote service is inactive

###!!! [Child][RunMessage] Error: Channel closing: too late to send/recv, messages will be lost


###!!! [Child][MessageChannel::SendAndWait] Error: Channel error: cannot send/recv

1551405963607	geckodriver	INFO	geckodriver 0.20.1
1551405963621	geckodriver	INFO	Listening on 127.0.0.1:49393
1551405966691	mozrunner::runner	INFO	Running command: "C:\\Program Files\\Firefox\\firefox.exe" "-marionette" "-profile" "C:\\Users\\ADMINI~1\\AppData\\Local\\Temp\\rust_mozprofile.NKAfZH14EQ3Y"
1551405967195	addons.webextension.screenshots@mozilla.org	WARN	Loading extension 'screenshots@mozilla.org': Reading manifest: Invalid host permission: resource://pdf.js/
1551405967195	addons.webextension.screenshots@mozilla.org	WARN	Loading extension 'screenshots@mozilla.org': Reading manifest: Invalid host permission: about:reader*
1551405967334	Marionette	TRACE	Received observer notification profile-after-change
1551405967497	Marionette	TRACE	Received observer notification toplevel-window-ready
1551405967536	Marionette	TRACE	Received observer notification command-line-startup
1551405967537	Marionette	TRACE	Received observer notification nsPref:changed
1551405967537	Marionette	DEBUG	Init aborted (running=false, enabled=true, finalUIStartup=false)
1551405967611	Marionette	TRACE	Received observer notification toplevel-window-ready
1551405968880	Marionette	TRACE	Received observer notification sessionstore-windows-restored
1551405968880	Marionette	TRACE	Waiting until startup recorder finished recording startup scripts...
1551405969019	Marionette	TRACE	All scripts recorded.
1551405969020	Marionette	DEBUG	Setting recommended pref app.update.disabledForTesting to true
1551405969021	Marionette	DEBUG	Setting recommended pref browser.contentblocking.introCount to 99
1551405969021	Marionette	DEBUG	Setting recommended pref browser.newtabpage.enabled to false
1551405969022	Marionette	DEBUG	Setting recommended pref datareporting.policy.dataSubmissionPolicyAccepted to false
1551405969022	Marionette	DEBUG	Setting recommended pref dom.disable_beforeunload to true
1551405969022	Marionette	DEBUG	Setting recommended pref toolkit.cosmeticAnimations.enabled to false
1551405969065	Marionette	INFO	Listening on port 49401
1551405969066	Marionette	DEBUG	Remote service is active
1551405969900	Marionette	DEBUG	Accepted connection 0 from 127.0.0.1:49420
1551405969901	Marionette	DEBUG	0 -> [0,1,"newSession",{"acceptInsecureCerts":true,"browserName":"firefox","capabilities":{"desiredCapabilities":{"acceptInsecureCerts":true,"browserName":"firefox"}}}]
1551405969902	Marionette	DEBUG	0 <- [1,1,{"error":"unknown command","message":"newSession","stacktrace":"WebDriverError@chrome://marionette/content/error.js:179: ... et@chrome://marionette/content/server.js:236:8\n_onJSONObjectReady/<@chrome://marionette/content/transport.js:490:9\n"},null]
1551406787618	geckodriver	INFO	geckodriver 0.20.1
1551406787632	geckodriver	INFO	Listening on 127.0.0.1:50053
1551406813913	geckodriver	INFO	geckodriver 0.20.1
1551406813935	geckodriver	INFO	Listening on 127.0.0.1:50067
1551406855505	geckodriver	INFO	geckodriver 0.20.1
1551406855528	geckodriver	INFO	Listening on 127.0.0.1:50100
1551407181709	geckodriver	INFO	geckodriver 0.20.1
1551407181721	geckodriver	INFO	Listening on 127.0.0.1:50442
1551925429687	geckodriver	INFO	geckodriver 0.20.1
1551925429707	geckodriver	INFO	Listening on 127.0.0.1:65251
